<?xml version="1.0" encoding="UTF-8"?>
<!-- Generated by org.testng.reporters.JUnitReportReporter -->
<testsuite hostname="GDRC5228" name="MavenTest.NewStatesMen.NSSearchBoxTest" tests="1" failures="0" timestamp="6 Feb 2018 12:28:56 GMT" time="39.259" errors="0">
  <testcase name="testNew" time="39.259" classname="MavenTest.NewStatesMen.NSSearchBoxTest"/>
</testsuite> <!-- MavenTest.NewStatesMen.NSSearchBoxTest -->
