<?xml version="1.0" encoding="UTF-8"?>
<!-- Generated by org.testng.reporters.JUnitReportReporter -->
<testsuite hostname="GDRC5228" name="MavenTest.NewStatesMen.TestMail" tests="1" failures="0" timestamp="8 Jan 2018 14:05:57 GMT" time="8.497" errors="0">
  <testcase name="testNew" time="8.497" classname="MavenTest.NewStatesMen.TestMail"/>
</testsuite> <!-- MavenTest.NewStatesMen.TestMail -->
