<?xml version="1.0" encoding="UTF-8"?>
<!-- Generated by org.testng.reporters.JUnitReportReporter -->
<testsuite hostname="GDRC5228" name="MavenTest.NewStatesMen.NSPolicticsSubLinksTest" tests="1" failures="0" timestamp="8 Jan 2018 12:42:49 GMT" time="75.568" errors="0">
  <testcase name="testNew1" time="75.568" classname="MavenTest.NewStatesMen.NSPolicticsSubLinksTest"/>
</testsuite> <!-- MavenTest.NewStatesMen.NSPolicticsSubLinksTest -->
